<?xml version="1.0" encoding="UTF-8"?>
<robot generator="Robot 6.1.1 (Python 3.12.0 on darwin)" generated="20241118 17:52:52.680" rpa="false" schemaversion="4">
<suite id="s1" name="Register" source="/Users/juliarahkonen/Desktop/ohtu/palautusrepositorio/viikko3/web-login/src/tests/register.robot">
<kw name="Open And Configure Browser" library="resource" type="SETUP">
<if>
<branch type="IF" condition="$BROWSER == 'chrome'">
<kw name="Evaluate" library="BuiltIn">
<var>${options}</var>
<arg>sys.modules['selenium.webdriver'].ChromeOptions()</arg>
<arg>sys</arg>
<doc>Evaluates the given expression in Python and returns the result.</doc>
<msg timestamp="20241118 17:52:52.970" level="INFO">${options} = &lt;selenium.webdriver.chrome.options.Options object at 0x10b432ea0&gt;</msg>
<status status="PASS" starttime="20241118 17:52:52.970" endtime="20241118 17:52:52.971"/>
</kw>
<status status="PASS" starttime="20241118 17:52:52.970" endtime="20241118 17:52:52.971"/>
</branch>
<branch type="ELSE IF" condition="$BROWSER == 'firefox'">
<kw name="Evaluate" library="BuiltIn">
<var>${options}</var>
<arg>sys.modules['selenium.webdriver'].FirefoxOptions()</arg>
<arg>sys</arg>
<doc>Evaluates the given expression in Python and returns the result.</doc>
<status status="NOT RUN" starttime="20241118 17:52:52.971" endtime="20241118 17:52:52.971"/>
</kw>
<status status="NOT RUN" starttime="20241118 17:52:52.971" endtime="20241118 17:52:52.971"/>
</branch>
<status status="PASS" starttime="20241118 17:52:52.970" endtime="20241118 17:52:52.971"/>
</if>
<if>
<branch type="IF" condition="$HEADLESS == 'true'">
<kw name="Set Selenium Speed" library="SeleniumLibrary">
<arg>0</arg>
<doc>Sets the delay that is waited after each Selenium command.</doc>
<status status="NOT RUN" starttime="20241118 17:52:52.971" endtime="20241118 17:52:52.971"/>
</kw>
<kw name="Call Method" library="BuiltIn">
<arg>${options}</arg>
<arg>add_argument</arg>
<arg>--headless</arg>
<doc>Calls the named method of the given object with the provided arguments.</doc>
<status status="NOT RUN" starttime="20241118 17:52:52.971" endtime="20241118 17:52:52.971"/>
</kw>
<status status="NOT RUN" starttime="20241118 17:52:52.971" endtime="20241118 17:52:52.971"/>
</branch>
<branch type="ELSE">
<kw name="Set Selenium Speed" library="SeleniumLibrary">
<arg>${DELAY}</arg>
<doc>Sets the delay that is waited after each Selenium command.</doc>
<status status="PASS" starttime="20241118 17:52:52.971" endtime="20241118 17:52:52.971"/>
</kw>
<status status="PASS" starttime="20241118 17:52:52.971" endtime="20241118 17:52:52.971"/>
</branch>
<status status="PASS" starttime="20241118 17:52:52.971" endtime="20241118 17:52:52.971"/>
</if>
<kw name="Open Browser" library="SeleniumLibrary">
<arg>browser=${BROWSER}</arg>
<arg>options=${options}</arg>
<doc>Opens a new browser instance to the optional ``url``.</doc>
<msg timestamp="20241118 17:52:52.972" level="INFO">Opening browser 'chrome' to base url 'None'.</msg>
<status status="PASS" starttime="20241118 17:52:52.972" endtime="20241118 17:52:54.511"/>
</kw>
<status status="PASS" starttime="20241118 17:52:52.970" endtime="20241118 17:52:54.512"/>
</kw>
<test id="s1-t1" name="Login After Failed Registration" line="69">
<kw name="Reset Application Create User And Go To Register Page" type="SETUP">
<kw name="Reset Application" library="AppLibrary">
<status status="PASS" starttime="20241118 17:52:54.517" endtime="20241118 17:52:54.550"/>
</kw>
<kw name="Create User" library="AppLibrary">
<arg>existinguser</arg>
<arg>Valid123!</arg>
<status status="PASS" starttime="20241118 17:52:54.550" endtime="20241118 17:52:54.563"/>
</kw>
<kw name="Go To" library="SeleniumLibrary">
<arg>${REGISTER_URL}</arg>
<doc>Navigates the current browser window to the provided ``url``.</doc>
<msg timestamp="20241118 17:52:54.563" level="INFO">Opening url 'http://localhost:5001/register'</msg>
<status status="PASS" starttime="20241118 17:52:54.563" endtime="20241118 17:52:55.311"/>
</kw>
<status status="PASS" starttime="20241118 17:52:54.517" endtime="20241118 17:52:55.311"/>
</kw>
<kw name="Input Text" library="SeleniumLibrary">
<arg>name=username</arg>
<arg>uu</arg>
<doc>Types the given ``text`` into the text field identified by ``locator``.</doc>
<msg timestamp="20241118 17:52:55.313" level="INFO">Typing text 'uu' into text field 'name=username'.</msg>
<status status="PASS" starttime="20241118 17:52:55.312" endtime="20241118 17:52:57.029"/>
</kw>
<kw name="Input Text" library="SeleniumLibrary">
<arg>name=password</arg>
<arg>Toimiva123!</arg>
<doc>Types the given ``text`` into the text field identified by ``locator``.</doc>
<msg timestamp="20241118 17:52:57.030" level="INFO">Typing text 'Toimiva123!' into text field 'name=password'.</msg>
<status status="PASS" starttime="20241118 17:52:57.029" endtime="20241118 17:52:58.634"/>
</kw>
<kw name="Input Text" library="SeleniumLibrary">
<arg>name=password_confirmation</arg>
<arg>Toimiva123!</arg>
<doc>Types the given ``text`` into the text field identified by ``locator``.</doc>
<msg timestamp="20241118 17:52:58.636" level="INFO">Typing text 'Toimiva123!' into text field 'name=password_confirmation'.</msg>
<status status="PASS" starttime="20241118 17:52:58.634" endtime="20241118 17:53:00.239"/>
</kw>
<kw name="Click Button" library="SeleniumLibrary">
<arg>Register</arg>
<doc>Clicks the button identified by ``locator``.</doc>
<msg timestamp="20241118 17:53:00.240" level="INFO">Clicking button 'Register'.</msg>
<status status="PASS" starttime="20241118 17:53:00.239" endtime="20241118 17:53:02.394"/>
</kw>
<kw name="Page Should Contain" library="SeleniumLibrary">
<arg>Username must be at least 3 characters long</arg>
<doc>Verifies that current page contains ``text``.</doc>
<msg timestamp="20241118 17:53:03.426" level="INFO">Current page contains text 'Username must be at least 3 characters long'.</msg>
<status status="PASS" starttime="20241118 17:53:02.395" endtime="20241118 17:53:03.427"/>
</kw>
<kw name="Go To" library="SeleniumLibrary">
<arg>${LOGIN_URL}</arg>
<doc>Navigates the current browser window to the provided ``url``.</doc>
<msg timestamp="20241118 17:53:03.427" level="INFO">Opening url 'http://localhost:5001/login'</msg>
<status status="PASS" starttime="20241118 17:53:03.427" endtime="20241118 17:53:03.965"/>
</kw>
<kw name="Input Text" library="SeleniumLibrary">
<arg>name=username</arg>
<arg>uusikayttaja</arg>
<doc>Types the given ``text`` into the text field identified by ``locator``.</doc>
<msg timestamp="20241118 17:53:03.967" level="INFO">Typing text 'uusikayttaja' into text field 'name=username'.</msg>
<status status="PASS" starttime="20241118 17:53:03.966" endtime="20241118 17:53:05.644"/>
</kw>
<kw name="Input Text" library="SeleniumLibrary">
<arg>name=password</arg>
<arg>Toimiva123!</arg>
<doc>Types the given ``text`` into the text field identified by ``locator``.</doc>
<msg timestamp="20241118 17:53:05.647" level="INFO">Typing text 'Toimiva123!' into text field 'name=password'.</msg>
<status status="PASS" starttime="20241118 17:53:05.645" endtime="20241118 17:53:07.245"/>
</kw>
<kw name="Click Button" library="SeleniumLibrary">
<arg>Login</arg>
<doc>Clicks the button identified by ``locator``.</doc>
<msg timestamp="20241118 17:53:07.247" level="INFO">Clicking button 'Login'.</msg>
<status status="PASS" starttime="20241118 17:53:07.246" endtime="20241118 17:53:09.368"/>
</kw>
<kw name="Page Should Contain" library="SeleniumLibrary">
<arg>Invalid</arg>
<doc>Verifies that current page contains ``text``.</doc>
<msg timestamp="20241118 17:53:10.399" level="INFO">Current page contains text 'Invalid'.</msg>
<status status="PASS" starttime="20241118 17:53:09.368" endtime="20241118 17:53:10.399"/>
</kw>
<status status="PASS" starttime="20241118 17:52:54.512" endtime="20241118 17:53:10.400"/>
</test>
<kw name="Close Browser" library="SeleniumLibrary" type="TEARDOWN">
<doc>Closes the current browser.</doc>
<status status="PASS" starttime="20241118 17:53:10.402" endtime="20241118 17:53:11.072"/>
</kw>
<status status="PASS" starttime="20241118 17:52:52.682" endtime="20241118 17:53:11.072"/>
</suite>
<statistics>
<total>
<stat pass="1" fail="0" skip="0">All Tests</stat>
</total>
<tag>
</tag>
<suite>
<stat pass="1" fail="0" skip="0" id="s1" name="Register">Register</stat>
</suite>
</statistics>
<errors>
</errors>
</robot>
